  player.cpp
c:\users\student\documents\visual studio 2015\projects\3dgame\player.h(21): error C2143: 構文エラー: ';' が '*' の前にありません。
c:\users\student\documents\visual studio 2015\projects\3dgame\player.h(21): error C4430: 型指定子がありません - int と仮定しました。メモ: C++ は int を既定値としてサポートしていません
c:\users\student\documents\visual studio 2015\projects\3dgame\player.cpp(25): error C2378: 'Player': 再定義されています。シンボルは typedef でオーバーロードできません
  c:\users\student\documents\visual studio 2015\projects\3dgame\player.h(21): note: 'Player' の宣言を確認してください
c:\users\student\documents\visual studio 2015\projects\3dgame\player.cpp(34): error C2378: 'Player': 再定義されています。シンボルは typedef でオーバーロードできません
  c:\users\student\documents\visual studio 2015\projects\3dgame\player.h(21): note: 'Player' の宣言を確認してください
c:\users\student\documents\visual studio 2015\projects\3dgame\player.cpp(40): error C4430: 型指定子がありません - int と仮定しました。メモ: C++ は int を既定値としてサポートしていません
c:\users\student\documents\visual studio 2015\projects\3dgame\player.cpp(40): error C2086: 'int Player': 再定義されました。
  c:\users\student\documents\visual studio 2015\projects\3dgame\player.h(21): note: 'Player' の宣言を確認してください
c:\users\student\documents\visual studio 2015\projects\3dgame\player.cpp(40): error C2146: 構文エラー: ';' が、識別子 'g_Player' の前に必要です。
c:\users\student\documents\visual studio 2015\projects\3dgame\player.cpp(56): error C2065: 'g_Player': 定義されていない識別子です。
c:\users\student\documents\visual studio 2015\projects\3dgame\player.cpp(56): error C2228: '.pos' の左側はクラス、構造体、共用体でなければなりません
  c:\users\student\documents\visual studio 2015\projects\3dgame\player.cpp(56): note: 型は 'unknown-type' です。
c:\users\student\documents\visual studio 2015\projects\3dgame\player.cpp(57): error C2065: 'g_Player': 定義されていない識別子です。
c:\users\student\documents\visual studio 2015\projects\3dgame\player.cpp(57): error C2228: '.rot' の左側はクラス、構造体、共用体でなければなりません
  c:\users\student\documents\visual studio 2015\projects\3dgame\player.cpp(57): note: 型は 'unknown-type' です。
c:\users\student\documents\visual studio 2015\projects\3dgame\player.cpp(61): error C2065: 'g_pBuffMatPlayer': 定義されていない識別子です。
c:\users\student\documents\visual studio 2015\projects\3dgame\player.cpp(62): error C2065: 'g_nNumMatPlayer': 定義されていない識別子です。
c:\users\student\documents\visual studio 2015\projects\3dgame\player.cpp(62): error C2065: 'g_pMeshPlayer': 定義されていない識別子です。
c:\users\student\documents\visual studio 2015\projects\3dgame\player.cpp(70): error C2065: 'g_pMeshPlayer': 定義されていない識別子です。
c:\users\student\documents\visual studio 2015\projects\3dgame\player.cpp(70): error C2227: '->GetNumVertices' : 左側がクラス、構造体、共用体、ジェネリック型へのポインターではありません。
  c:\users\student\documents\visual studio 2015\projects\3dgame\player.cpp(70): note: 型は 'unknown-type' です。
c:\users\student\documents\visual studio 2015\projects\3dgame\player.cpp(73): error C2065: 'g_pMeshPlayer': 定義されていない識別子です。
c:\users\student\documents\visual studio 2015\projects\3dgame\player.cpp(73): error C2227: '->GetFVF' : 左側がクラス、構造体、共用体、ジェネリック型へのポインターではありません。
  c:\users\student\documents\visual studio 2015\projects\3dgame\player.cpp(73): note: 型は 'unknown-type' です。
c:\users\student\documents\visual studio 2015\projects\3dgame\player.cpp(77): error C2065: 'g_pBuffMatPlayer': 定義されていない識別子です。
c:\users\student\documents\visual studio 2015\projects\3dgame\player.cpp(77): error C2227: '->GetBufferPointer' : 左側がクラス、構造体、共用体、ジェネリック型へのポインターではありません。
  c:\users\student\documents\visual studio 2015\projects\3dgame\player.cpp(77): note: 型は 'unknown-type' です。
c:\users\student\documents\visual studio 2015\projects\3dgame\player.cpp(79): error C2065: 'g_nNumMatPlayer': 定義されていない識別子です。
c:\users\student\documents\visual studio 2015\projects\3dgame\player.cpp(88): error C2065: 'g_pMeshPlayer': 定義されていない識別子です。
c:\users\student\documents\visual studio 2015\projects\3dgame\player.cpp(88): error C2227: '->LockVertexBuffer' : 左側がクラス、構造体、共用体、ジェネリック型へのポインターではありません。
  c:\users\student\documents\visual studio 2015\projects\3dgame\player.cpp(88): note: 型は 'unknown-type' です。
c:\users\student\documents\visual studio 2015\projects\3dgame\player.cpp(99): error C2065: 'g_pMeshPlayer': 定義されていない識別子です。
c:\users\student\documents\visual studio 2015\projects\3dgame\player.cpp(99): error C2227: '->UnlockVertexBuffer' : 左側がクラス、構造体、共用体、ジェネリック型へのポインターではありません。
  c:\users\student\documents\visual studio 2015\projects\3dgame\player.cpp(99): note: 型は 'unknown-type' です。
c:\users\student\documents\visual studio 2015\projects\3dgame\player.cpp(108): error C2065: 'g_pMeshPlayer': 定義されていない識別子です。
c:\users\student\documents\visual studio 2015\projects\3dgame\player.cpp(110): error C2065: 'g_pMeshPlayer': 定義されていない識別子です。
c:\users\student\documents\visual studio 2015\projects\3dgame\player.cpp(110): error C2227: '->Release' : 左側がクラス、構造体、共用体、ジェネリック型へのポインターではありません。
  c:\users\student\documents\visual studio 2015\projects\3dgame\player.cpp(110): note: 型は 'unknown-type' です。
c:\users\student\documents\visual studio 2015\projects\3dgame\player.cpp(111): error C2065: 'g_pMeshPlayer': 定義されていない識別子です。
c:\users\student\documents\visual studio 2015\projects\3dgame\player.cpp(115): error C2065: 'g_pBuffMatPlayer': 定義されていない識別子です。
c:\users\student\documents\visual studio 2015\projects\3dgame\player.cpp(117): error C2065: 'g_pBuffMatPlayer': 定義されていない識別子です。
c:\users\student\documents\visual studio 2015\projects\3dgame\player.cpp(117): error C2227: '->Release' : 左側がクラス、構造体、共用体、ジェネリック型へのポインターではありません。
  c:\users\student\documents\visual studio 2015\projects\3dgame\player.cpp(117): note: 型は 'unknown-type' です。
c:\users\student\documents\visual studio 2015\projects\3dgame\player.cpp(118): error C2065: 'g_pBuffMatPlayer': 定義されていない識別子です。
c:\users\student\documents\visual studio 2015\projects\3dgame\player.cpp(132): error C2065: 'g_Player': 定義されていない識別子です。
c:\users\student\documents\visual studio 2015\projects\3dgame\player.cpp(132): error C2228: '.pos' の左側はクラス、構造体、共用体でなければなりません
  c:\users\student\documents\visual studio 2015\projects\3dgame\player.cpp(132): note: 型は 'unknown-type' です。
c:\users\student\documents\visual studio 2015\projects\3dgame\player.cpp(132): error C2228: '.x' の左側はクラス、構造体、共用体でなければなりません
c:\users\student\documents\visual studio 2015\projects\3dgame\player.cpp(132): error C2228: '.y' の左側はクラス、構造体、共用体でなければなりません
c:\users\student\documents\visual studio 2015\projects\3dgame\player.cpp(133): error C2065: 'g_Player': 定義されていない識別子です。
c:\users\student\documents\visual studio 2015\projects\3dgame\player.cpp(133): error C2228: '.rot' の左側はクラス、構造体、共用体でなければなりません
  c:\users\student\documents\visual studio 2015\projects\3dgame\player.cpp(133): note: 型は 'unknown-type' です。
c:\users\student\documents\visual studio 2015\projects\3dgame\player.cpp(133): error C2228: '.y' の左側はクラス、構造体、共用体でなければなりません
c:\users\student\documents\visual studio 2015\projects\3dgame\player.cpp(133): error C2440: '<function-style-cast>': 'float' から 'D3DXVECTOR3' に変換できません。
  c:\users\student\documents\visual studio 2015\projects\3dgame\player.cpp(133): note: コンストラクターはソース型を持てません、またはコンストラクターのオーバーロードの解決があいまいです。
c:\users\student\documents\visual studio 2015\projects\3dgame\player.cpp(133): error C2660: 'SetBullet': 関数に 1 個の引数を指定できません。
c:\users\student\documents\visual studio 2015\projects\3dgame\player.cpp(152): error C2065: 'g_Player': 定義されていない識別子です。
c:\users\student\documents\visual studio 2015\projects\3dgame\player.cpp(152): error C2228: '.mtxWorld' の左側はクラス、構造体、共用体でなければなりません
  c:\users\student\documents\visual studio 2015\projects\3dgame\player.cpp(152): note: 型は 'unknown-type' です。
c:\users\student\documents\visual studio 2015\projects\3dgame\player.cpp(155): error C2065: 'g_Player': 定義されていない識別子です。
c:\users\student\documents\visual studio 2015\projects\3dgame\player.cpp(155): error C2228: '.rot' の左側はクラス、構造体、共用体でなければなりません
  c:\users\student\documents\visual studio 2015\projects\3dgame\player.cpp(155): note: 型は 'unknown-type' です。
c:\users\student\documents\visual studio 2015\projects\3dgame\player.cpp(155): error C2228: '.y' の左側はクラス、構造体、共用体でなければなりません
c:\users\student\documents\visual studio 2015\projects\3dgame\player.cpp(155): error C2228: '.x' の左側はクラス、構造体、共用体でなければなりません
c:\users\student\documents\visual studio 2015\projects\3dgame\player.cpp(155): error C2228: '.z' の左側はクラス、構造体、共用体でなければなりません
c:\users\student\documents\visual studio 2015\projects\3dgame\player.cpp(155): error C2660: 'D3DXMatrixRotationYawPitchRoll': 関数に 1 個の引数を指定できません。
c:\users\student\documents\visual studio 2015\projects\3dgame\player.cpp(156): error C2065: 'g_Player': 定義されていない識別子です。
c:\users\student\documents\visual studio 2015\projects\3dgame\player.cpp(156): error C2228: '.mtxWorld' の左側はクラス、構造体、共用体でなければなりません
  c:\users\student\documents\visual studio 2015\projects\3dgame\player.cpp(156): note: 型は 'unknown-type' です。
c:\users\student\documents\visual studio 2015\projects\3dgame\player.cpp(156): error C2660: 'D3DXMatrixMultiply': 関数に 2 個の引数を指定できません。
c:\users\student\documents\visual studio 2015\projects\3dgame\player.cpp(159): error C2065: 'g_Player': 定義されていない識別子です。
c:\users\student\documents\visual studio 2015\projects\3dgame\player.cpp(159): error C2228: '.pos' の左側はクラス、構造体、共用体でなければなりません
  c:\users\student\documents\visual studio 2015\projects\3dgame\player.cpp(159): note: 型は 'unknown-type' です。
c:\users\student\documents\visual studio 2015\projects\3dgame\player.cpp(159): error C2228: '.x' の左側はクラス、構造体、共用体でなければなりません
c:\users\student\documents\visual studio 2015\projects\3dgame\player.cpp(159): error C2228: '.y' の左側はクラス、構造体、共用体でなければなりません
c:\users\student\documents\visual studio 2015\projects\3dgame\player.cpp(159): error C2228: '.z' の左側はクラス、構造体、共用体でなければなりません
c:\users\student\documents\visual studio 2015\projects\3dgame\player.cpp(159): error C2660: 'D3DXMatrixTranslation': 関数に 1 個の引数を指定できません。
c:\users\student\documents\visual studio 2015\projects\3dgame\player.cpp(160): error C2065: 'g_Player': 定義されていない識別子です。
c:\users\student\documents\visual studio 2015\projects\3dgame\player.cpp(160): error C2228: '.mtxWorld' の左側はクラス、構造体、共用体でなければなりません
  c:\users\student\documents\visual studio 2015\projects\3dgame\player.cpp(160): note: 型は 'unknown-type' です。
c:\users\student\documents\visual studio 2015\projects\3dgame\player.cpp(160): error C2660: 'D3DXMatrixMultiply': 関数に 2 個の引数を指定できません。
c:\users\student\documents\visual studio 2015\projects\3dgame\player.cpp(163): error C2065: 'g_Player': 定義されていない識別子です。
c:\users\student\documents\visual studio 2015\projects\3dgame\player.cpp(163): error C2228: '.mtxWorld' の左側はクラス、構造体、共用体でなければなりません
  c:\users\student\documents\visual studio 2015\projects\3dgame\player.cpp(163): note: 型は 'unknown-type' です。
c:\users\student\documents\visual studio 2015\projects\3dgame\player.cpp(163): error C2660: 'IDirect3DDevice9::SetTransform': 関数に 1 個の引数を指定できません。
c:\users\student\documents\visual studio 2015\projects\3dgame\player.cpp(169): error C2065: 'g_pBuffMatPlayer': 定義されていない識別子です。
c:\users\student\documents\visual studio 2015\projects\3dgame\player.cpp(169): error C2227: '->GetBufferPointer' : 左側がクラス、構造体、共用体、ジェネリック型へのポインターではありません。
  c:\users\student\documents\visual studio 2015\projects\3dgame\player.cpp(169): note: 型は 'unknown-type' です。
c:\users\student\documents\visual studio 2015\projects\3dgame\player.cpp(171): error C2065: 'g_nNumMatPlayer': 定義されていない識別子です。
c:\users\student\documents\visual studio 2015\projects\3dgame\player.cpp(180): error C2065: 'g_pMeshPlayer': 定義されていない識別子です。
c:\users\student\documents\visual studio 2015\projects\3dgame\player.cpp(180): error C2227: '->DrawSubset' : 左側がクラス、構造体、共用体、ジェネリック型へのポインターではありません。
  c:\users\student\documents\visual studio 2015\projects\3dgame\player.cpp(180): note: 型は 'unknown-type' です。
c:\users\student\documents\visual studio 2015\projects\3dgame\player.cpp(197): error C2065: 'g_Player': 定義されていない識別子です。
c:\users\student\documents\visual studio 2015\projects\3dgame\player.cpp(197): error C2228: '.pos' の左側はクラス、構造体、共用体でなければなりません
  c:\users\student\documents\visual studio 2015\projects\3dgame\player.cpp(197): note: 型は 'unknown-type' です。
c:\users\student\documents\visual studio 2015\projects\3dgame\player.cpp(197): error C2228: '.x' の左側はクラス、構造体、共用体でなければなりません
c:\users\student\documents\visual studio 2015\projects\3dgame\player.cpp(198): error C2065: 'g_Player': 定義されていない識別子です。
c:\users\student\documents\visual studio 2015\projects\3dgame\player.cpp(198): error C2228: '.pos' の左側はクラス、構造体、共用体でなければなりません
  c:\users\student\documents\visual studio 2015\projects\3dgame\player.cpp(198): note: 型は 'unknown-type' です。
c:\users\student\documents\visual studio 2015\projects\3dgame\player.cpp(198): error C2228: '.z' の左側はクラス、構造体、共用体でなければなりません
c:\users\student\documents\visual studio 2015\projects\3dgame\player.cpp(200): error C2065: 'g_Player': 定義されていない識別子です。
c:\users\student\documents\visual studio 2015\projects\3dgame\player.cpp(200): error C2228: '.rot' の左側はクラス、構造体、共用体でなければなりません
  c:\users\student\documents\visual studio 2015\projects\3dgame\player.cpp(200): note: 型は 'unknown-type' です。
c:\users\student\documents\visual studio 2015\projects\3dgame\player.cpp(200): error C2228: '.y' の左側はクラス、構造体、共用体でなければなりません
c:\users\student\documents\visual studio 2015\projects\3dgame\player.cpp(207): error C2065: 'g_Player': 定義されていない識別子です。
c:\users\student\documents\visual studio 2015\projects\3dgame\player.cpp(207): error C2228: '.pos' の左側はクラス、構造体、共用体でなければなりません
  c:\users\student\documents\visual studio 2015\projects\3dgame\player.cpp(207): note: 型は 'unknown-type' です。
c:\users\student\documents\visual studio 2015\projects\3dgame\player.cpp(207): error C2228: '.x' の左側はクラス、構造体、共用体でなければなりません
c:\users\student\documents\visual studio 2015\projects\3dgame\player.cpp(208): error C2065: 'g_Player': 定義されていない識別子です。
c:\users\student\documents\visual studio 2015\projects\3dgame\player.cpp(208): error C2228: '.pos' の左側はクラス、構造体、共用体でなければなりません
  c:\users\student\documents\visual studio 2015\projects\3dgame\player.cpp(208): note: 型は 'unknown-type' です。
c:\users\student\documents\visual studio 2015\projects\3dgame\player.cpp(208): error C2228: '.z' の左側はクラス、構造体、共用体でなければなりません
c:\users\student\documents\visual studio 2015\projects\3dgame\player.cpp(209): error C2065: 'g_Player': 定義されていない識別子です。
c:\users\student\documents\visual studio 2015\projects\3dgame\player.cpp(209): error C2228: '.rot' の左側はクラス、構造体、共用体でなければなりません
  c:\users\student\documents\visual studio 2015\projects\3dgame\player.cpp(209): note: 型は 'unknown-type' です。
c:\users\student\documents\visual studio 2015\projects\3dgame\player.cpp(209): error C2228: '.y' の左側はクラス、構造体、共用体でなければなりません
c:\users\student\documents\visual studio 2015\projects\3dgame\player.cpp(216): error C2065: 'g_Player': 定義されていない識別子です。
c:\users\student\documents\visual studio 2015\projects\3dgame\player.cpp(216): error C2228: '.pos' の左側はクラス、構造体、共用体でなければなりません
  c:\users\student\documents\visual studio 2015\projects\3dgame\player.cpp(216): note: 型は 'unknown-type' です。
c:\users\student\documents\visual studio 2015\projects\3dgame\player.cpp(216): error C2228: '.x' の左側はクラス、構造体、共用体でなければなりません
c:\users\student\documents\visual studio 2015\projects\3dgame\player.cpp(217): error C2065: 'g_Player': 定義されていない識別子です。
c:\users\student\documents\visual studio 2015\projects\3dgame\player.cpp(217): error C2228: '.pos' の左側はクラス、構造体、共用体でなければなりません
  c:\users\student\documents\visual studio 2015\projects\3dgame\player.cpp(217): note: 型は 'unknown-type' です。
c:\users\student\documents\visual studio 2015\projects\3dgame\player.cpp(217): error C2228: '.z' の左側はクラス、構造体、共用体でなければなりません
c:\users\student\documents\visual studio 2015\projects\3dgame\player.cpp(219): error C2065: 'g_Player': 定義されていない識別子です。
c:\users\student\documents\visual studio 2015\projects\3dgame\player.cpp(219): error C2228: '.rot' の左側はクラス、構造体、共用体でなければなりません
  c:\users\student\documents\visual studio 2015\projects\3dgame\player.cpp(219): note: 型は 'unknown-type' です。
c:\users\student\documents\visual studio 2015\projects\3dgame\player.cpp(219): error C2228: '.y' の左側はクラス、構造体、共用体でなければなりません
c:\users\student\documents\visual studio 2015\projects\3dgame\player.cpp(225): error C2065: 'g_Player': 定義されていない識別子です。
c:\users\student\documents\visual studio 2015\projects\3dgame\player.cpp(225): error C2228: '.pos' の左側はクラス、構造体、共用体でなければなりません
  c:\users\student\documents\visual studio 2015\projects\3dgame\player.cpp(225): note: 型は 'unknown-type' です。
c:\users\student\documents\visual studio 2015\projects\3dgame\player.cpp(225): error C2228: '.x' の左側はクラス、構造体、共用体でなければなりません
c:\users\student\documents\visual studio 2015\projects\3dgame\player.cpp(226): error C2065: 'g_Player': 定義されていない識別子です。
c:\users\student\documents\visual studio 2015\projects\3dgame\player.cpp(226): error C2228: '.pos' の左側はクラス、構造体、共用体でなければなりません
  c:\users\student\documents\visual studio 2015\projects\3dgame\player.cpp(226): note: 型は 'unknown-type' です。
c:\users\student\documents\visual studio 2015\projects\3dgame\player.cpp(226): error C2228: '.z' の左側はクラス、構造体、共用体でなければなりません
c:\users\student\documents\visual studio 2015\projects\3dgame\player.cpp(226): fatal error C1003: プログラム内のエラーが 100 個を超えました。コンパイルは中断されます。
  main.cpp
c:\users\student\documents\visual studio 2015\projects\3dgame\player.h(21): error C2143: 構文エラー: ';' が '*' の前にありません。
c:\users\student\documents\visual studio 2015\projects\3dgame\player.h(21): error C4430: 型指定子がありません - int と仮定しました。メモ: C++ は int を既定値としてサポートしていません
  camera.cpp
c:\users\student\documents\visual studio 2015\projects\3dgame\player.h(21): error C2143: 構文エラー: ';' が '*' の前にありません。
c:\users\student\documents\visual studio 2015\projects\3dgame\player.h(21): error C4430: 型指定子がありません - int と仮定しました。メモ: C++ は int を既定値としてサポートしていません
c:\users\student\documents\visual studio 2015\projects\3dgame\camera.cpp(43): error C2065: 'pPlayer': 定義されていない識別子です。
c:\users\student\documents\visual studio 2015\projects\3dgame\camera.cpp(44): error C2065: 'pPlayer': 定義されていない識別子です。
c:\users\student\documents\visual studio 2015\projects\3dgame\camera.cpp(46): error C2065: 'pModel': 定義されていない識別子です。
c:\users\student\documents\visual studio 2015\projects\3dgame\camera.cpp(46): error C2227: '->pos' : 左側がクラス、構造体、共用体、ジェネリック型へのポインターではありません。
  c:\users\student\documents\visual studio 2015\projects\3dgame\camera.cpp(46): note: 型は 'unknown-type' です。
c:\users\student\documents\visual studio 2015\projects\3dgame\camera.cpp(48): error C2065: 'pModel': 定義されていない識別子です。
c:\users\student\documents\visual studio 2015\projects\3dgame\camera.cpp(48): error C2227: '->pos' : 左側がクラス、構造体、共用体、ジェネリック型へのポインターではありません。
  c:\users\student\documents\visual studio 2015\projects\3dgame\camera.cpp(48): note: 型は 'unknown-type' です。
c:\users\student\documents\visual studio 2015\projects\3dgame\camera.cpp(48): error C2228: '.x' の左側はクラス、構造体、共用体でなければなりません
c:\users\student\documents\visual studio 2015\projects\3dgame\camera.cpp(49): error C2065: 'pModel': 定義されていない識別子です。
c:\users\student\documents\visual studio 2015\projects\3dgame\camera.cpp(49): error C2227: '->pos' : 左側がクラス、構造体、共用体、ジェネリック型へのポインターではありません。
  c:\users\student\documents\visual studio 2015\projects\3dgame\camera.cpp(49): note: 型は 'unknown-type' です。
c:\users\student\documents\visual studio 2015\projects\3dgame\camera.cpp(49): error C2228: '.z' の左側はクラス、構造体、共用体でなければなりません
c:\users\student\documents\visual studio 2015\projects\3dgame\camera.cpp(50): error C2065: 'pModel': 定義されていない識別子です。
c:\users\student\documents\visual studio 2015\projects\3dgame\camera.cpp(50): error C2227: '->pos' : 左側がクラス、構造体、共用体、ジェネリック型へのポインターではありません。
  c:\users\student\documents\visual studio 2015\projects\3dgame\camera.cpp(50): note: 型は 'unknown-type' です。
c:\users\student\documents\visual studio 2015\projects\3dgame\camera.cpp(50): error C2228: '.y' の左側はクラス、構造体、共用体でなければなりません
  コードを生成中...
