  BillBoard.cpp
  Camera.cpp
  ClearAndOver.cpp
  DirectX.cpp
  Effect.cpp
  Fade.cpp
  Input.cpp
  Light.cpp
  Main.cpp
  Meshfield.cpp
  meteorite.cpp
  Model.cpp
  ModelBillBoard.cpp
  Pause.cpp
  RedLine.cpp
  Title1.cpp
  Player.cpp
Player.cpp(66): warning C4129: 'M': エスケープ シーケンスとして正しく認識されませんでした。
  Ranking.cpp
  Sound.cpp
  Title.cpp
  コンパイル中...
  Tutorial.cpp
  UI.cpp
  Xinput.cpp
Xinput.cpp(49): warning C4101: 'padKey': ローカル変数は 1 度も使われていません。
  コード生成しています。
  All 160 functions were compiled because no usable IPDB/IOBJ from previous compilation was found.
  コード生成が終了しました。
  Hackathon1225.vcxproj -> C:\Users\student\Desktop\Hackathon\Hackathon1225\Release\Hackathon1225.exe
  Hackathon1225.vcxproj -> C:\Users\student\Desktop\Hackathon\Hackathon1225\Release\Hackathon1225.pdb (Full PDB)
